{"uuid":"0afcfcbf-bd5d-4a2a-9d79-e03e90ba8fb6","historyId":"88d8a2cec1d1ef48db640bede7601f57","fullName":"com.misa.projects.baikiemtra2.themeforest.testscript.ThemeWebTest.TC_02","labels":[{"name":"package","value":"com.misa.projects.baikiemtra2.themeforest.testscript.ThemeWebTest"},{"name":"testClass","value":"com.misa.projects.baikiemtra2.themeforest.testscript.ThemeWebTest"},{"name":"testMethod","value":"TC_02"},{"name":"parentSuite","value":"Default Suite"},{"name":"suite","value":"selenium-final-project"},{"name":"subSuite","value":"com.misa.projects.baikiemtra2.themeforest.testscript.ThemeWebTest"},{"name":"host","value":"DESKTOP-ES7LFFA"},{"name":"thread","value":"15496@DESKTOP-ES7LFFA.main(1)"},{"name":"framework","value":"testng"},{"name":"language","value":"java"}],"links":[],"name":" add user","status":"broken","statusDetails":{"known":false,"muted":false,"flaky":false,"message":"element click intercepted: Element <span class=\"shared-item_cards-add_to_cart_button_component__cartIcon\">...</span> is not clickable at point (1123, 648). Other element would receive the click: <div class=\"headerstrip-content\">...</div>\n  (Session info: chrome=109.0.5414.122)\nBuild info: version: '4.3.0', revision: 'a4995e2c09*'\nSystem info: host: 'DESKTOP-ES7LFFA', ip: '192.168.0.106', os.name: 'Windows 10', os.arch: 'amd64', os.version: '10.0', java.version: '11.0.17'\nDriver info: org.openqa.selenium.chrome.ChromeDriver\nCommand: [4def903d450351fc9e33b04332aeb0cc, clickElement {id=b861ff0d-f5f4-4660-8dba-4b4f70816564}]\nCapabilities {acceptInsecureCerts: true, browserName: chrome, browserVersion: 109.0.5414.122, chrome: {chromedriverVersion: 109.0.5414.74 (e7c5703604da..., userDataDir: C:\\Users\\nguye\\AppData\\Loca...}, goog:chromeOptions: {debuggerAddress: localhost:64434}, networkConnectionEnabled: false, pageLoadStrategy: normal, platformName: WINDOWS, proxy: Proxy(), se:cdp: ws://localhost:64434/devtoo..., se:cdpVersion: 109.0.5414.122, setWindowRect: true, strictFileInteractability: false, timeouts: {implicit: 0, pageLoad: 300000, script: 30000}, unhandledPromptBehavior: dismiss and notify, webauthn:extension:credBlob: true, webauthn:extension:largeBlob: true, webauthn:virtualAuthenticators: true}\nElement: [[ChromeDriver: chrome on WINDOWS (4def903d450351fc9e33b04332aeb0cc)] -> xpath: //div[contains(@class,'component__list')]/div[contains(@class,'component__root')][3]//a[contains(@class,'root shared-item_cards-add_to_cart_button_component__compact')]/span]\nSession ID: 4def903d450351fc9e33b04332aeb0cc","trace":"org.openqa.selenium.ElementClickInterceptedException: element click intercepted: Element <span class=\"shared-item_cards-add_to_cart_button_component__cartIcon\">...</span> is not clickable at point (1123, 648). Other element would receive the click: <div class=\"headerstrip-content\">...</div>\n  (Session info: chrome=109.0.5414.122)\nBuild info: version: '4.3.0', revision: 'a4995e2c09*'\nSystem info: host: 'DESKTOP-ES7LFFA', ip: '192.168.0.106', os.name: 'Windows 10', os.arch: 'amd64', os.version: '10.0', java.version: '11.0.17'\nDriver info: org.openqa.selenium.chrome.ChromeDriver\nCommand: [4def903d450351fc9e33b04332aeb0cc, clickElement {id=b861ff0d-f5f4-4660-8dba-4b4f70816564}]\nCapabilities {acceptInsecureCerts: true, browserName: chrome, browserVersion: 109.0.5414.122, chrome: {chromedriverVersion: 109.0.5414.74 (e7c5703604da..., userDataDir: C:\\Users\\nguye\\AppData\\Loca...}, goog:chromeOptions: {debuggerAddress: localhost:64434}, networkConnectionEnabled: false, pageLoadStrategy: normal, platformName: WINDOWS, proxy: Proxy(), se:cdp: ws://localhost:64434/devtoo..., se:cdpVersion: 109.0.5414.122, setWindowRect: true, strictFileInteractability: false, timeouts: {implicit: 0, pageLoad: 300000, script: 30000}, unhandledPromptBehavior: dismiss and notify, webauthn:extension:credBlob: true, webauthn:extension:largeBlob: true, webauthn:virtualAuthenticators: true}\nElement: [[ChromeDriver: chrome on WINDOWS (4def903d450351fc9e33b04332aeb0cc)] -> xpath: //div[contains(@class,'component__list')]/div[contains(@class,'component__root')][3]//a[contains(@class,'root shared-item_cards-add_to_cart_button_component__compact')]/span]\nSession ID: 4def903d450351fc9e33b04332aeb0cc\r\n\tat java.base/jdk.internal.reflect.NativeConstructorAccessorImpl.newInstance0(Native Method)\r\n\tat java.base/jdk.internal.reflect.NativeConstructorAccessorImpl.newInstance(NativeConstructorAccessorImpl.java:62)\r\n\tat java.base/jdk.internal.reflect.DelegatingConstructorAccessorImpl.newInstance(DelegatingConstructorAccessorImpl.java:45)\r\n\tat java.base/java.lang.reflect.Constructor.newInstance(Constructor.java:490)\r\n\tat org.openqa.selenium.remote.codec.w3c.W3CHttpResponseCodec.createException(W3CHttpResponseCodec.java:200)\r\n\tat org.openqa.selenium.remote.codec.w3c.W3CHttpResponseCodec.decode(W3CHttpResponseCodec.java:133)\r\n\tat org.openqa.selenium.remote.codec.w3c.W3CHttpResponseCodec.decode(W3CHttpResponseCodec.java:53)\r\n\tat org.openqa.selenium.remote.HttpCommandExecutor.execute(HttpCommandExecutor.java:184)\r\n\tat org.openqa.selenium.remote.service.DriverCommandExecutor.invokeExecute(DriverCommandExecutor.java:167)\r\n\tat org.openqa.selenium.remote.service.DriverCommandExecutor.execute(DriverCommandExecutor.java:142)\r\n\tat org.openqa.selenium.remote.RemoteWebDriver.execute(RemoteWebDriver.java:569)\r\n\tat org.openqa.selenium.remote.RemoteWebElement.execute(RemoteWebElement.java:257)\r\n\tat org.openqa.selenium.remote.RemoteWebElement.click(RemoteWebElement.java:78)\r\n\tat com.misa.utils.WebUI.clickElement(WebUI.java:254)\r\n\tat com.misa.common.BasePage.clickToElement(BasePage.java:163)\r\n\tat com.misa.projects.baikiemtra2.themeforest.page.CodePage.addToCart(CodePage.java:44)\r\n\tat com.misa.projects.baikiemtra2.themeforest.testscript.ThemeWebTest.TC_02(ThemeWebTest.java:40)\r\n\tat java.base/jdk.internal.reflect.NativeMethodAccessorImpl.invoke0(Native Method)\r\n\tat java.base/jdk.internal.reflect.NativeMethodAccessorImpl.invoke(NativeMethodAccessorImpl.java:62)\r\n\tat java.base/jdk.internal.reflect.DelegatingMethodAccessorImpl.invoke(DelegatingMethodAccessorImpl.java:43)\r\n\tat java.base/java.lang.reflect.Method.invoke(Method.java:566)\r\n\tat org.testng.internal.MethodInvocationHelper.invokeMethod(MethodInvocationHelper.java:133)\r\n\tat org.testng.internal.TestInvoker.invokeMethod(TestInvoker.java:598)\r\n\tat org.testng.internal.TestInvoker.invokeTestMethod(TestInvoker.java:173)\r\n\tat org.testng.internal.MethodRunner.runInSequence(MethodRunner.java:46)\r\n\tat org.testng.internal.TestInvoker$MethodInvocationAgent.invoke(TestInvoker.java:824)\r\n\tat org.testng.internal.TestInvoker.invokeTestMethods(TestInvoker.java:146)\r\n\tat org.testng.internal.TestMethodWorker.invokeTestMethods(TestMethodWorker.java:146)\r\n\tat org.testng.internal.TestMethodWorker.run(TestMethodWorker.java:128)\r\n\tat java.base/java.util.ArrayList.forEach(ArrayList.java:1541)\r\n\tat org.testng.TestRunner.privateRun(TestRunner.java:794)\r\n\tat org.testng.TestRunner.run(TestRunner.java:596)\r\n\tat org.testng.SuiteRunner.runTest(SuiteRunner.java:377)\r\n\tat org.testng.SuiteRunner.runSequentially(SuiteRunner.java:371)\r\n\tat org.testng.SuiteRunner.privateRun(SuiteRunner.java:332)\r\n\tat org.testng.SuiteRunner.run(SuiteRunner.java:276)\r\n\tat org.testng.SuiteRunnerWorker.runSuite(SuiteRunnerWorker.java:53)\r\n\tat org.testng.SuiteRunnerWorker.run(SuiteRunnerWorker.java:96)\r\n\tat org.testng.TestNG.runSuitesSequentially(TestNG.java:1212)\r\n\tat org.testng.TestNG.runSuitesLocally(TestNG.java:1134)\r\n\tat org.testng.TestNG.runSuites(TestNG.java:1063)\r\n\tat org.testng.TestNG.run(TestNG.java:1031)\r\n\tat com.intellij.rt.testng.IDEARemoteTestNG.run(IDEARemoteTestNG.java:66)\r\n\tat com.intellij.rt.testng.RemoteTestNGStarter.main(RemoteTestNGStarter.java:109)\r\n"},"stage":"finished","steps":[{"name":"Insert text elementor to term     (Element's locator: : {element})","status":"passed","stage":"finished","steps":[],"attachments":[],"parameters":[{"name":"object","value":"[[ChromeDriver: chrome on WINDOWS (4def903d450351fc9e33b04332aeb0cc)] -> xpath: //input[@name='term']]"},{"name":"title","value":"term"},{"name":"value","value":"elementor"},{"name":"isClear","value":"[]"}],"start":1676368164086,"stop":1676368164130},{"name":"Click on the element {element}","status":"passed","stage":"finished","steps":[],"attachments":[],"parameters":[{"name":"object","value":"[[ChromeDriver: chrome on WINDOWS (4def903d450351fc9e33b04332aeb0cc)] -> xpath: //a[text()[normalize-space()='Best sellers']]]"},{"name":"titles","value":"[a, Best sellers]"}],"start":1676368174300,"stop":1676368174520},{"name":"Click on the element {element}","status":"passed","stage":"finished","steps":[],"attachments":[],"parameters":[{"name":"object","value":"[[ChromeDriver: chrome on WINDOWS (4def903d450351fc9e33b04332aeb0cc)] -> xpath: //div[contains(@class,'component__list')]/div[contains(@class,'component__root')][1]//a[contains(@class,'root shared-item_cards-add_to_cart_button_component__compact')]/span]"},{"name":"titles","value":"[1]"}],"start":1676368175945,"stop":1676368176079},{"name":"Click on the element {element}","status":"passed","stage":"finished","steps":[],"attachments":[],"parameters":[{"name":"object","value":"[[ChromeDriver: chrome on WINDOWS (4def903d450351fc9e33b04332aeb0cc)] -> xpath: //button[text()[normalize-space()='Keep Browsing']]]"},{"name":"titles","value":"[button, Keep Browsing]"}],"start":1676368176761,"stop":1676368176950},{"name":"Click on the element {element}","status":"passed","stage":"finished","steps":[],"attachments":[],"parameters":[{"name":"object","value":"[[ChromeDriver: chrome on WINDOWS (4def903d450351fc9e33b04332aeb0cc)] -> xpath: //div[contains(@class,'component__list')]/div[contains(@class,'component__root')][2]//a[contains(@class,'root shared-item_cards-add_to_cart_button_component__compact')]/span]"},{"name":"titles","value":"[2]"}],"start":1676368177006,"stop":1676368177198},{"name":"Click on the element {element}","status":"passed","stage":"finished","steps":[],"attachments":[],"parameters":[{"name":"object","value":"[[ChromeDriver: chrome on WINDOWS (4def903d450351fc9e33b04332aeb0cc)] -> xpath: //button[text()[normalize-space()='Keep Browsing']]]"},{"name":"titles","value":"[button, Keep Browsing]"}],"start":1676368178894,"stop":1676368179066},{"name":"Click on the element {element}","status":"broken","statusDetails":{"known":false,"muted":false,"flaky":false,"message":"element click intercepted: Element <span class=\"shared-item_cards-add_to_cart_button_component__cartIcon\">...</span> is not clickable at point (1123, 648). Other element would receive the click: <div class=\"headerstrip-content\">...</div>\n  (Session info: chrome=109.0.5414.122)\nBuild info: version: '4.3.0', revision: 'a4995e2c09*'\nSystem info: host: 'DESKTOP-ES7LFFA', ip: '192.168.0.106', os.name: 'Windows 10', os.arch: 'amd64', os.version: '10.0', java.version: '11.0.17'\nDriver info: org.openqa.selenium.chrome.ChromeDriver\nCommand: [4def903d450351fc9e33b04332aeb0cc, clickElement {id=b861ff0d-f5f4-4660-8dba-4b4f70816564}]\nCapabilities {acceptInsecureCerts: true, browserName: chrome, browserVersion: 109.0.5414.122, chrome: {chromedriverVersion: 109.0.5414.74 (e7c5703604da..., userDataDir: C:\\Users\\nguye\\AppData\\Loca...}, goog:chromeOptions: {debuggerAddress: localhost:64434}, networkConnectionEnabled: false, pageLoadStrategy: normal, platformName: WINDOWS, proxy: Proxy(), se:cdp: ws://localhost:64434/devtoo..., se:cdpVersion: 109.0.5414.122, setWindowRect: true, strictFileInteractability: false, timeouts: {implicit: 0, pageLoad: 300000, script: 30000}, unhandledPromptBehavior: dismiss and notify, webauthn:extension:credBlob: true, webauthn:extension:largeBlob: true, webauthn:virtualAuthenticators: true}\nElement: [[ChromeDriver: chrome on WINDOWS (4def903d450351fc9e33b04332aeb0cc)] -> xpath: //div[contains(@class,'component__list')]/div[contains(@class,'component__root')][3]//a[contains(@class,'root shared-item_cards-add_to_cart_button_component__compact')]/span]\nSession ID: 4def903d450351fc9e33b04332aeb0cc","trace":"org.openqa.selenium.ElementClickInterceptedException: element click intercepted: Element <span class=\"shared-item_cards-add_to_cart_button_component__cartIcon\">...</span> is not clickable at point (1123, 648). Other element would receive the click: <div class=\"headerstrip-content\">...</div>\n  (Session info: chrome=109.0.5414.122)\nBuild info: version: '4.3.0', revision: 'a4995e2c09*'\nSystem info: host: 'DESKTOP-ES7LFFA', ip: '192.168.0.106', os.name: 'Windows 10', os.arch: 'amd64', os.version: '10.0', java.version: '11.0.17'\nDriver info: org.openqa.selenium.chrome.ChromeDriver\nCommand: [4def903d450351fc9e33b04332aeb0cc, clickElement {id=b861ff0d-f5f4-4660-8dba-4b4f70816564}]\nCapabilities {acceptInsecureCerts: true, browserName: chrome, browserVersion: 109.0.5414.122, chrome: {chromedriverVersion: 109.0.5414.74 (e7c5703604da..., userDataDir: C:\\Users\\nguye\\AppData\\Loca...}, goog:chromeOptions: {debuggerAddress: localhost:64434}, networkConnectionEnabled: false, pageLoadStrategy: normal, platformName: WINDOWS, proxy: Proxy(), se:cdp: ws://localhost:64434/devtoo..., se:cdpVersion: 109.0.5414.122, setWindowRect: true, strictFileInteractability: false, timeouts: {implicit: 0, pageLoad: 300000, script: 30000}, unhandledPromptBehavior: dismiss and notify, webauthn:extension:credBlob: true, webauthn:extension:largeBlob: true, webauthn:virtualAuthenticators: true}\nElement: [[ChromeDriver: chrome on WINDOWS (4def903d450351fc9e33b04332aeb0cc)] -> xpath: //div[contains(@class,'component__list')]/div[contains(@class,'component__root')][3]//a[contains(@class,'root shared-item_cards-add_to_cart_button_component__compact')]/span]\nSession ID: 4def903d450351fc9e33b04332aeb0cc\r\n\tat java.base/jdk.internal.reflect.NativeConstructorAccessorImpl.newInstance0(Native Method)\r\n\tat java.base/jdk.internal.reflect.NativeConstructorAccessorImpl.newInstance(NativeConstructorAccessorImpl.java:62)\r\n\tat java.base/jdk.internal.reflect.DelegatingConstructorAccessorImpl.newInstance(DelegatingConstructorAccessorImpl.java:45)\r\n\tat java.base/java.lang.reflect.Constructor.newInstance(Constructor.java:490)\r\n\tat org.openqa.selenium.remote.codec.w3c.W3CHttpResponseCodec.createException(W3CHttpResponseCodec.java:200)\r\n\tat org.openqa.selenium.remote.codec.w3c.W3CHttpResponseCodec.decode(W3CHttpResponseCodec.java:133)\r\n\tat org.openqa.selenium.remote.codec.w3c.W3CHttpResponseCodec.decode(W3CHttpResponseCodec.java:53)\r\n\tat org.openqa.selenium.remote.HttpCommandExecutor.execute(HttpCommandExecutor.java:184)\r\n\tat org.openqa.selenium.remote.service.DriverCommandExecutor.invokeExecute(DriverCommandExecutor.java:167)\r\n\tat org.openqa.selenium.remote.service.DriverCommandExecutor.execute(DriverCommandExecutor.java:142)\r\n\tat org.openqa.selenium.remote.RemoteWebDriver.execute(RemoteWebDriver.java:569)\r\n\tat org.openqa.selenium.remote.RemoteWebElement.execute(RemoteWebElement.java:257)\r\n\tat org.openqa.selenium.remote.RemoteWebElement.click(RemoteWebElement.java:78)\r\n\tat com.misa.utils.WebUI.clickElement(WebUI.java:254)\r\n\tat com.misa.common.BasePage.clickToElement(BasePage.java:163)\r\n\tat com.misa.projects.baikiemtra2.themeforest.page.CodePage.addToCart(CodePage.java:44)\r\n\tat com.misa.projects.baikiemtra2.themeforest.testscript.ThemeWebTest.TC_02(ThemeWebTest.java:40)\r\n\tat java.base/jdk.internal.reflect.NativeMethodAccessorImpl.invoke0(Native Method)\r\n\tat java.base/jdk.internal.reflect.NativeMethodAccessorImpl.invoke(NativeMethodAccessorImpl.java:62)\r\n\tat java.base/jdk.internal.reflect.DelegatingMethodAccessorImpl.invoke(DelegatingMethodAccessorImpl.java:43)\r\n\tat java.base/java.lang.reflect.Method.invoke(Method.java:566)\r\n\tat org.testng.internal.MethodInvocationHelper.invokeMethod(MethodInvocationHelper.java:133)\r\n\tat org.testng.internal.TestInvoker.invokeMethod(TestInvoker.java:598)\r\n\tat org.testng.internal.TestInvoker.invokeTestMethod(TestInvoker.java:173)\r\n\tat org.testng.internal.MethodRunner.runInSequence(MethodRunner.java:46)\r\n\tat org.testng.internal.TestInvoker$MethodInvocationAgent.invoke(TestInvoker.java:824)\r\n\tat org.testng.internal.TestInvoker.invokeTestMethods(TestInvoker.java:146)\r\n\tat org.testng.internal.TestMethodWorker.invokeTestMethods(TestMethodWorker.java:146)\r\n\tat org.testng.internal.TestMethodWorker.run(TestMethodWorker.java:128)\r\n\tat java.base/java.util.ArrayList.forEach(ArrayList.java:1541)\r\n\tat org.testng.TestRunner.privateRun(TestRunner.java:794)\r\n\tat org.testng.TestRunner.run(TestRunner.java:596)\r\n\tat org.testng.SuiteRunner.runTest(SuiteRunner.java:377)\r\n\tat org.testng.SuiteRunner.runSequentially(SuiteRunner.java:371)\r\n\tat org.testng.SuiteRunner.privateRun(SuiteRunner.java:332)\r\n\tat org.testng.SuiteRunner.run(SuiteRunner.java:276)\r\n\tat org.testng.SuiteRunnerWorker.runSuite(SuiteRunnerWorker.java:53)\r\n\tat org.testng.SuiteRunnerWorker.run(SuiteRunnerWorker.java:96)\r\n\tat org.testng.TestNG.runSuitesSequentially(TestNG.java:1212)\r\n\tat org.testng.TestNG.runSuitesLocally(TestNG.java:1134)\r\n\tat org.testng.TestNG.runSuites(TestNG.java:1063)\r\n\tat org.testng.TestNG.run(TestNG.java:1031)\r\n\tat com.intellij.rt.testng.IDEARemoteTestNG.run(IDEARemoteTestNG.java:66)\r\n\tat com.intellij.rt.testng.RemoteTestNGStarter.main(RemoteTestNGStarter.java:109)\r\n"},"stage":"finished","steps":[],"attachments":[],"parameters":[{"name":"object","value":"[[ChromeDriver: chrome on WINDOWS (4def903d450351fc9e33b04332aeb0cc)] -> xpath: //div[contains(@class,'component__list')]/div[contains(@class,'component__root')][3]//a[contains(@class,'root shared-item_cards-add_to_cart_button_component__compact')]/span]"},{"name":"titles","value":"[3]"}],"start":1676368179125,"stop":1676368180300}],"attachments":[],"parameters":[{"name":"arg0","value":"UserModel(firstName=moi02, lastName=nguyen, email=moi02@gmai.com, userName=moi123, password=Moi1234@)"}],"start":1676368164041,"stop":1676368180905}