{"uuid":"d1038d5e-456f-4297-9036-cdcb969cad56","name":"com.misa.projects.demo.testScript.HRMLiveTest","children":["e8529daa-a2f6-4e70-ad0d-b4e66bf8da81","d6f6eb1c-22b8-49ab-abc0-6f631b8accde","487df6da-7892-49ec-9c8a-5eeb7d3fd23b"],"befores":[{"name":"createDriver","status":"broken","statusDetails":{"known":false,"muted":false,"flaky":false,"message":"class java.lang.String cannot be cast to class org.openqa.selenium.WebElement (java.lang.String is in module java.base of loader 'bootstrap'; org.openqa.selenium.WebElement is in unnamed module of loader 'app')","trace":"java.lang.ClassCastException: class java.lang.String cannot be cast to class org.openqa.selenium.WebElement (java.lang.String is in module java.base of loader 'bootstrap'; org.openqa.selenium.WebElement is in unnamed module of loader 'app')\r\n\tat com.misa.utils.WebUI.getWebElement(WebUI.java:173)\r\n\tat com.misa.utils.WebUI.clickElement(WebUI.java:249)\r\n\tat com.misa.projects.demo.page.DashBoardPage.goPimPage(DashBoardPage.java:16)\r\n\tat com.misa.projects.demo.testScript.HRMLiveTest.createDriver(HRMLiveTest.java:43)\r\n\tat java.base/jdk.internal.reflect.NativeMethodAccessorImpl.invoke0(Native Method)\r\n\tat java.base/jdk.internal.reflect.NativeMethodAccessorImpl.invoke(NativeMethodAccessorImpl.java:62)\r\n\tat java.base/jdk.internal.reflect.DelegatingMethodAccessorImpl.invoke(DelegatingMethodAccessorImpl.java:43)\r\n\tat java.base/java.lang.reflect.Method.invoke(Method.java:566)\r\n\tat org.testng.internal.MethodInvocationHelper.invokeMethod(MethodInvocationHelper.java:133)\r\n\tat org.testng.internal.MethodInvocationHelper.invokeMethodConsideringTimeout(MethodInvocationHelper.java:62)\r\n\tat org.testng.internal.ConfigInvoker.invokeConfigurationMethod(ConfigInvoker.java:385)\r\n\tat org.testng.internal.ConfigInvoker.invokeConfigurations(ConfigInvoker.java:321)\r\n\tat org.testng.internal.TestMethodWorker.invokeBeforeClassMethods(TestMethodWorker.java:176)\r\n\tat org.testng.internal.TestMethodWorker.run(TestMethodWorker.java:122)\r\n\tat java.base/java.util.ArrayList.forEach(ArrayList.java:1541)\r\n\tat org.testng.TestRunner.privateRun(TestRunner.java:794)\r\n\tat org.testng.TestRunner.run(TestRunner.java:596)\r\n\tat org.testng.SuiteRunner.runTest(SuiteRunner.java:377)\r\n\tat org.testng.SuiteRunner.runSequentially(SuiteRunner.java:371)\r\n\tat org.testng.SuiteRunner.privateRun(SuiteRunner.java:332)\r\n\tat org.testng.SuiteRunner.run(SuiteRunner.java:276)\r\n\tat org.testng.SuiteRunnerWorker.runSuite(SuiteRunnerWorker.java:53)\r\n\tat org.testng.SuiteRunnerWorker.run(SuiteRunnerWorker.java:96)\r\n\tat org.testng.TestNG.runSuitesSequentially(TestNG.java:1212)\r\n\tat org.testng.TestNG.runSuitesLocally(TestNG.java:1134)\r\n\tat org.testng.TestNG.runSuites(TestNG.java:1063)\r\n\tat org.testng.TestNG.run(TestNG.java:1031)\r\n\tat com.intellij.rt.testng.IDEARemoteTestNG.run(IDEARemoteTestNG.java:66)\r\n\tat com.intellij.rt.testng.RemoteTestNGStarter.main(RemoteTestNGStarter.java:109)\r\n"},"stage":"finished","description":"","steps":[{"name":"Go to URL : https://opensource-demo.orangehrmlive.com/web/index.php/auth/login","status":"passed","stage":"finished","steps":[],"attachments":[],"parameters":[{"name":"URL","value":"https://opensource-demo.orangehrmlive.com/web/index.php/auth/login"}],"start":1675622084331,"stop":1675622088519},{"name":"Insert text Admin to username     (Element's locator: : {element})","status":"passed","stage":"finished","steps":[],"attachments":[],"parameters":[{"name":"object","value":"[[ChromeDriver: chrome on WINDOWS (b2d29b55ca32cc5f1ba3a0bfffc2c270)] -> xpath: //input[@name='username']]"},{"name":"title","value":"username"},{"name":"value","value":"Admin"},{"name":"isClear","value":"[]"}],"start":1675622089467,"stop":1675622089830},{"name":"Insert text admin123 to password     (Element's locator: : {element})","status":"passed","stage":"finished","steps":[],"attachments":[],"parameters":[{"name":"object","value":"[[ChromeDriver: chrome on WINDOWS (b2d29b55ca32cc5f1ba3a0bfffc2c270)] -> xpath: //input[@name='password']]"},{"name":"title","value":"password"},{"name":"value","value":"admin123"},{"name":"isClear","value":"[]"}],"start":1675622089938,"stop":1675622090223},{"name":"Click on the element {element}","status":"passed","stage":"finished","steps":[],"attachments":[],"parameters":[{"name":"object","value":"By.xpath: //button[text()=' Login ']"},{"name":"titles","value":"[Login]"}],"start":1675622090314,"stop":1675622091787},{"name":"Click on the element {element}","status":"broken","statusDetails":{"known":false,"muted":false,"flaky":false,"message":"class java.lang.String cannot be cast to class org.openqa.selenium.WebElement (java.lang.String is in module java.base of loader 'bootstrap'; org.openqa.selenium.WebElement is in unnamed module of loader 'app')","trace":"java.lang.ClassCastException: class java.lang.String cannot be cast to class org.openqa.selenium.WebElement (java.lang.String is in module java.base of loader 'bootstrap'; org.openqa.selenium.WebElement is in unnamed module of loader 'app')\r\n\tat com.misa.utils.WebUI.getWebElement(WebUI.java:173)\r\n\tat com.misa.utils.WebUI.clickElement(WebUI.java:249)\r\n\tat com.misa.projects.demo.page.DashBoardPage.goPimPage(DashBoardPage.java:16)\r\n\tat com.misa.projects.demo.testScript.HRMLiveTest.createDriver(HRMLiveTest.java:43)\r\n\tat java.base/jdk.internal.reflect.NativeMethodAccessorImpl.invoke0(Native Method)\r\n\tat java.base/jdk.internal.reflect.NativeMethodAccessorImpl.invoke(NativeMethodAccessorImpl.java:62)\r\n\tat java.base/jdk.internal.reflect.DelegatingMethodAccessorImpl.invoke(DelegatingMethodAccessorImpl.java:43)\r\n\tat java.base/java.lang.reflect.Method.invoke(Method.java:566)\r\n\tat org.testng.internal.MethodInvocationHelper.invokeMethod(MethodInvocationHelper.java:133)\r\n\tat org.testng.internal.MethodInvocationHelper.invokeMethodConsideringTimeout(MethodInvocationHelper.java:62)\r\n\tat org.testng.internal.ConfigInvoker.invokeConfigurationMethod(ConfigInvoker.java:385)\r\n\tat org.testng.internal.ConfigInvoker.invokeConfigurations(ConfigInvoker.java:321)\r\n\tat org.testng.internal.TestMethodWorker.invokeBeforeClassMethods(TestMethodWorker.java:176)\r\n\tat org.testng.internal.TestMethodWorker.run(TestMethodWorker.java:122)\r\n\tat java.base/java.util.ArrayList.forEach(ArrayList.java:1541)\r\n\tat org.testng.TestRunner.privateRun(TestRunner.java:794)\r\n\tat org.testng.TestRunner.run(TestRunner.java:596)\r\n\tat org.testng.SuiteRunner.runTest(SuiteRunner.java:377)\r\n\tat org.testng.SuiteRunner.runSequentially(SuiteRunner.java:371)\r\n\tat org.testng.SuiteRunner.privateRun(SuiteRunner.java:332)\r\n\tat org.testng.SuiteRunner.run(SuiteRunner.java:276)\r\n\tat org.testng.SuiteRunnerWorker.runSuite(SuiteRunnerWorker.java:53)\r\n\tat org.testng.SuiteRunnerWorker.run(SuiteRunnerWorker.java:96)\r\n\tat org.testng.TestNG.runSuitesSequentially(TestNG.java:1212)\r\n\tat org.testng.TestNG.runSuitesLocally(TestNG.java:1134)\r\n\tat org.testng.TestNG.runSuites(TestNG.java:1063)\r\n\tat org.testng.TestNG.run(TestNG.java:1031)\r\n\tat com.intellij.rt.testng.IDEARemoteTestNG.run(IDEARemoteTestNG.java:66)\r\n\tat com.intellij.rt.testng.RemoteTestNGStarter.main(RemoteTestNGStarter.java:109)\r\n"},"stage":"finished","steps":[],"attachments":[],"parameters":[{"name":"object","value":"//span[text()='PIM']/parent::a"},{"name":"titles","value":"[PIM]"}],"start":1675622092372,"stop":1675622092375}],"attachments":[],"parameters":[],"start":1675622077537,"stop":1675622092376}],"afters":[],"start":1675622077418,"stop":1675622096185}